c:\users\administrator\desktop\gameprograming2\ch6\x64\debug\vc143.pdb
c:\users\administrator\desktop\gameprograming2\ch6\x64\debug\vc143.idb
c:\users\administrator\desktop\gameprograming2\ch6\x64\debug\main.obj
c:\users\administrator\desktop\gameprograming2\ch6\x64\debug\structpoint.obj
c:\users\administrator\desktop\gameprograming2\ch6\x64\debug\gameui.obj
c:\users\administrator\desktop\gameprograming2\pointer\x64\debug\ch6.exe
c:\users\administrator\desktop\gameprograming2\pointer\x64\debug\ch6.pdb
c:\users\administrator\desktop\gameprograming2\ch6\x64\debug\ch6.ilk
c:\users\user\desktop\gameprograming2\ch6\x64\debug\gameui.obj
c:\users\user\desktop\gameprograming2\ch6\x64\debug\main.obj
c:\users\user\desktop\gameprograming2\ch6\x64\debug\structpoint.obj
c:\users\user\desktop\gameprograming2\ch6\x64\debug\ch6.ilk
c:\users\user\desktop\gameprograming2\ch6\x64\debug\vc143.idb
c:\users\user\desktop\gameprograming2\ch6\x64\debug\vc143.pdb
c:\users\user\desktop\gameprograming2\pointer\x64\debug\ch6.pdb
c:\users\user\desktop\gameprograming2\pointer\x64\debug\ch6.exe
c:\users\user\desktop\gameprograming2\ch6\x64\debug\ch6.tlog\cl.command.1.tlog
c:\users\user\desktop\gameprograming2\ch6\x64\debug\ch6.tlog\cl.items.tlog
c:\users\user\desktop\gameprograming2\ch6\x64\debug\ch6.tlog\cl.read.1.tlog
c:\users\user\desktop\gameprograming2\ch6\x64\debug\ch6.tlog\cl.write.1.tlog
c:\users\user\desktop\gameprograming2\ch6\x64\debug\ch6.tlog\link.command.1.tlog
c:\users\user\desktop\gameprograming2\ch6\x64\debug\ch6.tlog\link.read.1.tlog
c:\users\user\desktop\gameprograming2\ch6\x64\debug\ch6.tlog\link.secondary.1.tlog
c:\users\user\desktop\gameprograming2\ch6\x64\debug\ch6.tlog\link.write.1.tlog
