c:\users\administrator\desktop\gameprograming2\ch3\x64\debug\vc143.pdb
c:\users\administrator\desktop\gameprograming2\ch3\x64\debug\vc143.idb
c:\users\administrator\desktop\gameprograming2\ch3\x64\debug\main.obj
c:\users\administrator\desktop\gameprograming2\ch3\x64\debug\input.obj
c:\users\administrator\desktop\gameprograming2\ch3\x64\debug\inventory.obj
c:\users\administrator\desktop\gameprograming2\pointer\x64\debug\ch3.exe
c:\users\administrator\desktop\gameprograming2\pointer\x64\debug\ch3.pdb
c:\users\administrator\desktop\gameprograming2\ch3\x64\debug\ch3.ilk
c:\users\user\desktop\gameprograming2\ch3\x64\debug\input.obj
c:\users\user\desktop\gameprograming2\ch3\x64\debug\inventory.obj
c:\users\user\desktop\gameprograming2\ch3\x64\debug\main.obj
c:\users\user\desktop\gameprograming2\ch3\x64\debug\ch3.ilk
c:\users\user\desktop\gameprograming2\ch3\x64\debug\vc143.idb
c:\users\user\desktop\gameprograming2\ch3\x64\debug\vc143.pdb
c:\users\user\desktop\gameprograming2\pointer\x64\debug\ch3.pdb
c:\users\user\desktop\gameprograming2\pointer\x64\debug\ch3.exe
c:\users\user\desktop\gameprograming2\ch3\x64\debug\ch3.tlog\cl.command.1.tlog
c:\users\user\desktop\gameprograming2\ch3\x64\debug\ch3.tlog\cl.items.tlog
c:\users\user\desktop\gameprograming2\ch3\x64\debug\ch3.tlog\cl.read.1.tlog
c:\users\user\desktop\gameprograming2\ch3\x64\debug\ch3.tlog\cl.write.1.tlog
c:\users\user\desktop\gameprograming2\ch3\x64\debug\ch3.tlog\link.command.1.tlog
c:\users\user\desktop\gameprograming2\ch3\x64\debug\ch3.tlog\link.read.1.tlog
c:\users\user\desktop\gameprograming2\ch3\x64\debug\ch3.tlog\link.secondary.1.tlog
c:\users\user\desktop\gameprograming2\ch3\x64\debug\ch3.tlog\link.write.1.tlog
